<component name="ProjectRunConfigurationManager">
  <configuration default="false" name="test-spring-app" type="SpringBootApplicationConfigurationType" factoryName="Spring Boot">
    <module name="test-spring-application" />
    <option name="SPRING_BOOT_MAIN_CLASS" value="ws.slink.ca.application.TestSpringApplication" />
    <option name="VM_PARAMETERS" value="--add-reads=test.app.spring.jpa=ALL-UNNAMED" />
    <extension name="coverage">
      <pattern>
        <option name="PATTERN" value="ws.slink.ca.application.*" />
        <option name="ENABLED" value="true" />
      </pattern>
    </extension>
    <method v="2">
      <option name="Make" enabled="true" />
    </method>
  </configuration>
</component>